Case #1: 3 4 6 
Case #2: 3 4 5 
Case #3: 2 4 
Case #4: 4 5 6 
Case #5: 7 11 13 17 18 21 23 
Case #6: 2 6 10 14 
Case #7: 4 6 9 10 
Case #8: 6 7 8 
Case #9: 3 5 7 10 12 13 14 16 18 20 
Case #10: 2 7 8 9 10 11 24 
Case #11: 6 8 
Case #12: 3 6 
Case #13: 2 3 4 5 6 7 8 9 10 11 
Case #14: 3 5 7 8 10 11 
Case #15: 1 3 5 7 9 10 11 13 14 
Case #16: 115 170 204 210 235 245 257 313 334 346 
Case #17: 6 7 8 9 10 11 12 
Case #18: 6 9 12 15 17 19 21 24 27 30 
Case #19: 22 222 
Case #20: 17 20 22 24 26 28 30 32 33 35 
Case #21: 13 16 19 20 23 24 26 28 30 31 
Case #22: 4 12 19 25 26 27 28 29 30 53 
Case #23: 4 8 
Case #24: 61 120 139 145 168 200 220 
Case #25: 4 11 18 25 32 39 46 
Case #26: 2 3 4 
Case #27: 2 22 
Case #28: 3 5 7 11 14 15 
Case #29: 10 15 21 26 28 
Case #30: 3 5 6 11 
Case #31: 8 13 14 18 21 27 31 34 
Case #32: 9 12 13 14 17 19 
Case #33: 2 3 6 8 9 
Case #34: 6 8 9 11 
Case #35: 12 14 18 21 26 27 29 30 33 36 
Case #36: 5 8 11 12 14 17 19 
Case #37: 2 6 
Case #38: 4 5 6 8 
Case #39: 11 12 13 14 15 16 17 18 19 20 
Case #40: 1 3 5 6 
Case #41: 9 11 13 14 16 19 22 24 26 28 
Case #42: 11 12 13 17 18 21 24 26 27 
Case #43: 12 15 16 19 22 25 27 29 
Case #44: 56 60 77 91 
Case #45: 1 2 3 
Case #46: 23 28 32 36 39 44 48 52 53 
Case #47: 5 7 8 10 11 12 13 15 
Case #48: 2 3 4 5 
Case #49: 4 6 7 
Case #50: 21 23 29 32 33 36 39 41 43 44 
