Case #1: CAB
Case #2: MJA
Case #3: OCDE
Case #4: BBAAA
Case #5: CCCABBBAB
Case #6: CCCBAABAB
Case #7: ZXCASDQWE
Case #8: BAAA
Case #9: ONMCBEFGDLJHAKI
Case #10: OADCEFGHIJKLMNB
Case #11: ZABCD
Case #12: OMJIACDFBHKGLEN
Case #13: CCCCCCCCCAAAABA
Case #14: CBA
Case #15: CCCCCAABBBAABAB
Case #16: ZADBC
Case #17: Z
Case #18: CBBBBBAAAAAAAA
Case #19: DCBAAAAAAAAAA
Case #20: ZDCBA
Case #21: CBA
Case #22: MMLKJIHGEABCDFA
Case #23: CCCCCCCAABBBAAA
Case #24: CCCCCBBBBBAAAAA
Case #25: BBB
Case #26: CBBBBAAAAAAAAA
Case #27: CBA
Case #28: CCCCCBBBBBAAAAA
Case #29: MMABDFHJKLAIGEC
Case #30: CBBBAAAAAAAAA
Case #31: AAA
Case #32: CCCCABAABABABBB
Case #33: CCCBBABBBBBBBBB
Case #34: BAA
Case #35: CCCCCCCBAABBBBB
Case #36: OIALKJMHGFEDCBN
Case #37: CCCCCBBBBBAAAAA
Case #38: BA
Case #39: BBA
Case #40: CCCCAABAAAAABBA
Case #41: CAB
Case #42: BBA
Case #43: DCCCCBBAAABABB
Case #44: BBA
Case #45: CCCCCBBBABAABBB
Case #46: A
Case #47: OLKAEJIBGFCDNMH
Case #48: CCCBABAABAAAABA
Case #49: ZACBA
Case #50: BAAA
Case #51: CCCCCAAAABBBBBA
Case #52: XXWVRHGBDNPVRPT
Case #53: MMALJIHEBACDFGK
Case #54: ZAYBXCWDUE
Case #55: ZYSLWJBGBLFSLKP
Case #56: DCBBBAAAAAAAAA
Case #57: CCCCCBBBBBAAAAA
Case #58: CCCCCBBBBBAAAAA
Case #59: CCCCCCCCABBABAB
Case #60: BB
Case #61: CCCABBABBAABBBB
Case #62: ONHDFMJBGIAECKL
Case #63: CCCCCBBBBBAAAAA
Case #64: ZAAAA
Case #65: CBBBBBAAAAAAAA
Case #66: ZDABC
Case #67: ZABYCXDWEU
Case #68: CCBBAABAABAAABB
Case #69: BBBBBAAAAAAAA
Case #70: CCCCCBBAABAAABB
Case #71: DCBBBBBAAAAAAA
Case #72: YTFMQPHJFWLBVWJ
Case #73: BAAA
Case #74: ONCAGEKIDJFMHLB
Case #75: DDCCCBABBACAB
Case #76: ONMBLIKCGFEDHJA
Case #77: BAA
Case #78: CCCCCBBBBBAAAAA
Case #79: BAA
Case #80: BAAA
Case #81: CCCCCBBBABABAAA
Case #82: CCCCBBBAAABAAAB
Case #83: CBA
Case #84: MMLKJIGFABCDEHA
Case #85: ONMLBCHEIAJGDKF
Case #86: CCBBBBAAAAAAAAA
Case #87: AA
Case #88: BA
Case #89: CCCCCCBABAAABAA
Case #90: OJGFBDEHIAKLMNC
Case #91: XXWWGHLLGMSMTHF
Case #92: MMBFLAKJIHGEDCA
Case #93: ZEDCBAYXWU
Case #94: ZZWVTKNSBMFKPRY
Case #95: CCCCCBBBBBAAAAA
Case #96: CCCCCBAAAAAAA
Case #97: CCCCCCBABBAAAAB
Case #98: RRBAACADABA
Case #99: MMKJIFEDAALHGCB
Case #100: CCCCCCBBBBAAAAA
