Case #1: 1
1 1 1
Case #2: 4
1 1 1
1 1 2
1 2 1
1 2 2
Case #3: 2
1 1 1
1 1 2
Case #4: 2
1 1 1
1 2 2
Case #5: 1
1 1 1
Case #6: 3
1 1 1
1 2 2
1 3 3
Case #7: 27
1 1 1
1 1 2
1 1 3
1 2 1
1 2 2
1 2 3
1 3 1
1 3 2
1 3 3
2 1 1
2 1 2
2 1 3
2 2 1
2 2 2
2 2 3
2 3 1
2 3 2
2 3 3
3 1 1
3 1 2
3 1 3
3 2 1
3 2 2
3 2 3
3 3 1
3 3 2
3 3 3
Case #8: 2
1 1 1
1 1 2
Case #9: 2
1 1 1
1 1 2
Case #10: 27
1 1 1
1 1 2
1 1 3
1 2 1
1 2 2
1 2 3
1 3 1
1 3 2
1 3 3
2 1 1
2 1 2
2 1 3
2 2 1
2 2 2
2 2 3
2 3 1
2 3 2
2 3 3
3 1 1
3 1 2
3 1 3
3 2 1
3 2 2
3 2 3
3 3 1
3 3 2
3 3 3
Case #11: 9
1 1 1
1 1 2
1 1 3
1 2 1
1 2 2
1 2 3
1 3 1
1 3 2
1 3 3
Case #12: 6
1 1 1
1 1 2
1 1 3
1 2 1
1 2 2
1 2 3
Case #13: 2
1 1 1
1 1 2
Case #14: 12
1 1 1
1 1 2
1 1 3
1 2 1
1 2 2
1 2 3
2 1 1
2 1 2
2 1 3
2 2 1
2 2 2
2 2 3
Case #15: 8
1 1 1
1 1 2
1 2 1
1 2 2
2 1 1
2 1 2
2 2 1
2 2 2
Case #16: 6
1 1 1
1 1 2
1 1 3
1 2 1
1 2 2
1 2 3
Case #17: 1
1 1 1
Case #18: 4
1 1 1
1 1 2
1 2 1
1 2 2
Case #19: 4
1 1 1
1 1 2
1 2 1
1 2 2
Case #20: 1
1 1 1
Case #21: 27
1 1 1
1 1 2
1 1 3
1 2 1
1 2 2
1 2 3
1 3 1
1 3 2
1 3 3
2 1 1
2 1 2
2 1 3
2 2 1
2 2 2
2 2 3
2 3 1
2 3 2
2 3 3
3 1 1
3 1 2
3 1 3
3 2 1
3 2 2
3 2 3
3 3 1
3 3 2
3 3 3
Case #22: 8
1 1 1
1 1 2
1 2 1
1 2 2
2 1 1
2 1 2
2 2 1
2 2 2
Case #23: 1
1 1 1
Case #24: 3
1 1 1
1 1 2
1 1 3
Case #25: 8
1 1 1
1 1 2
1 2 1
1 2 2
2 1 1
2 1 2
2 2 1
2 2 2
Case #26: 12
1 1 1
1 1 2
1 1 3
1 2 1
1 2 2
1 2 3
2 1 1
2 1 2
2 1 3
2 2 1
2 2 2
2 2 3
Case #27: 4
1 1 1
1 2 2
2 1 2
2 2 1
Case #28: 1
1 1 1
Case #29: 3
1 1 1
1 1 2
1 1 3
Case #30: 6
1 1 1
1 1 2
1 1 3
1 2 1
1 2 2
1 2 3
Case #31: 18
1 1 1
1 1 2
1 2 2
1 2 3
1 3 3
1 3 1
2 1 2
2 1 3
2 2 3
2 2 1
2 3 1
2 3 2
3 1 3
3 1 1
3 2 1
3 2 2
3 3 2
3 3 3
Case #32: 1
1 1 1
Case #33: 3
1 1 1
1 1 2
1 1 3
Case #34: 4
1 1 1
1 1 2
1 2 1
1 2 2
Case #35: 3
1 1 1
1 1 2
1 1 3
Case #36: 4
1 1 1
1 2 2
2 1 2
2 2 1
Case #37: 9
1 1 1
1 1 2
1 1 3
1 2 1
1 2 2
1 2 3
1 3 1
1 3 2
1 3 3
Case #38: 2
1 1 1
1 1 2
Case #39: 18
1 1 1
1 1 2
1 1 3
1 2 1
1 2 2
1 2 3
1 3 1
1 3 2
1 3 3
2 1 1
2 1 2
2 1 3
2 2 1
2 2 2
2 2 3
2 3 1
2 3 2
2 3 3
Case #40: 2
1 1 1
1 1 2
Case #41: 12
1 1 1
1 1 2
1 1 3
1 2 1
1 2 2
1 2 3
2 1 1
2 1 2
2 1 3
2 2 1
2 2 2
2 2 3
Case #42: 2
1 1 1
1 2 2
Case #43: 4
1 1 1
1 1 2
1 2 1
1 2 2
Case #44: 6
1 1 1
1 1 2
1 1 3
1 2 1
1 2 2
1 2 3
Case #45: 18
1 1 1
1 1 2
1 1 3
1 2 1
1 2 2
1 2 3
1 3 1
1 3 2
1 3 3
2 1 1
2 1 2
2 1 3
2 2 1
2 2 2
2 2 3
2 3 1
2 3 2
2 3 3
Case #46: 12
1 1 1
1 1 2
1 2 2
1 2 3
1 3 3
1 3 1
2 1 2
2 1 3
2 2 3
2 2 1
2 3 1
2 3 2
Case #47: 27
1 1 1
1 1 2
1 1 3
1 2 1
1 2 2
1 2 3
1 3 1
1 3 2
1 3 3
2 1 1
2 1 2
2 1 3
2 2 1
2 2 2
2 2 3
2 3 1
2 3 2
2 3 3
3 1 1
3 1 2
3 1 3
3 2 1
3 2 2
3 2 3
3 3 1
3 3 2
3 3 3
Case #48: 8
1 1 1
1 1 2
1 2 1
1 2 2
2 1 1
2 1 2
2 2 1
2 2 2
Case #49: 6
1 1 1
1 1 2
1 2 2
1 2 3
1 3 3
1 3 1
Case #50: 9
1 1 1
1 1 2
1 1 3
1 2 1
1 2 2
1 2 3
1 3 1
1 3 2
1 3 3
Case #51: 12
1 1 1
1 1 2
1 1 3
1 2 1
1 2 2
1 2 3
2 1 1
2 1 2
2 1 3
2 2 1
2 2 2
2 2 3
Case #52: 9
1 1 1
1 1 2
1 1 3
1 2 1
1 2 2
1 2 3
1 3 1
1 3 2
1 3 3
Case #53: 8
1 1 1
1 1 2
1 2 1
1 2 2
2 1 1
2 1 2
2 2 1
2 2 2
Case #54: 18
1 1 1
1 1 2
1 1 3
1 2 1
1 2 2
1 2 3
1 3 1
1 3 2
1 3 3
2 1 1
2 1 2
2 1 3
2 2 1
2 2 2
2 2 3
2 3 1
2 3 2
2 3 3
Case #55: 4
1 1 1
1 1 2
1 2 1
1 2 2
Case #56: 1
1 1 1
Case #57: 4
1 1 1
1 1 2
1 2 1
1 2 2
Case #58: 12
1 1 1
1 1 2
1 1 3
1 2 1
1 2 2
1 2 3
2 1 1
2 1 2
2 1 3
2 2 1
2 2 2
2 2 3
Case #59: 2
1 1 1
1 1 2
Case #60: 6
1 1 1
1 1 2
1 1 3
1 2 1
1 2 2
1 2 3
Case #61: 27
1 1 1
1 1 2
1 1 3
1 2 1
1 2 2
1 2 3
1 3 1
1 3 2
1 3 3
2 1 1
2 1 2
2 1 3
2 2 1
2 2 2
2 2 3
2 3 1
2 3 2
2 3 3
3 1 1
3 1 2
3 1 3
3 2 1
3 2 2
3 2 3
3 3 1
3 3 2
3 3 3
Case #62: 27
1 1 1
1 1 2
1 1 3
1 2 1
1 2 2
1 2 3
1 3 1
1 3 2
1 3 3
2 1 1
2 1 2
2 1 3
2 2 1
2 2 2
2 2 3
2 3 1
2 3 2
2 3 3
3 1 1
3 1 2
3 1 3
3 2 1
3 2 2
3 2 3
3 3 1
3 3 2
3 3 3
Case #63: 1
1 1 1
Case #64: 18
1 1 1
1 1 2
1 1 3
1 2 1
1 2 2
1 2 3
1 3 1
1 3 2
1 3 3
2 1 1
2 1 2
2 1 3
2 2 1
2 2 2
2 2 3
2 3 1
2 3 2
2 3 3
Case #65: 4
1 1 1
1 1 2
1 2 1
1 2 2
Case #66: 6
1 1 1
1 2 2
1 3 3
2 1 2
2 2 3
2 3 1
Case #67: 1
1 1 1
Case #68: 2
1 1 1
1 1 2
Case #69: 9
1 1 1
1 1 2
1 1 3
1 2 1
1 2 2
1 2 3
1 3 1
1 3 2
1 3 3
Case #70: 6
1 1 1
1 1 2
1 1 3
1 2 1
1 2 2
1 2 3
Case #71: 3
1 1 1
1 1 2
1 1 3
Case #72: 9
1 1 1
1 1 2
1 1 3
1 2 1
1 2 2
1 2 3
1 3 1
1 3 2
1 3 3
Case #73: 2
1 1 1
1 1 2
Case #74: 9
1 1 1
1 2 2
1 3 3
2 1 2
2 2 3
2 3 1
3 1 3
3 2 1
3 3 2
Case #75: 1
1 1 1
Case #76: 8
1 1 1
1 1 2
1 2 1
1 2 2
2 1 1
2 1 2
2 2 1
2 2 2
Case #77: 8
1 1 1
1 1 2
1 2 1
1 2 2
2 1 1
2 1 2
2 2 1
2 2 2
Case #78: 18
1 1 1
1 1 2
1 1 3
1 2 1
1 2 2
1 2 3
1 3 1
1 3 2
1 3 3
2 1 1
2 1 2
2 1 3
2 2 1
2 2 2
2 2 3
2 3 1
2 3 2
2 3 3
Case #79: 3
1 1 1
1 1 2
1 1 3
Case #80: 27
1 1 1
1 1 2
1 1 3
1 2 1
1 2 2
1 2 3
1 3 1
1 3 2
1 3 3
2 1 1
2 1 2
2 1 3
2 2 1
2 2 2
2 2 3
2 3 1
2 3 2
2 3 3
3 1 1
3 1 2
3 1 3
3 2 1
3 2 2
3 2 3
3 3 1
3 3 2
3 3 3
Case #81: 6
1 1 1
1 1 2
1 1 3
1 2 1
1 2 2
1 2 3
Case #82: 18
1 1 1
1 1 2
1 1 3
1 2 1
1 2 2
1 2 3
1 3 1
1 3 2
1 3 3
2 1 1
2 1 2
2 1 3
2 2 1
2 2 2
2 2 3
2 3 1
2 3 2
2 3 3
Case #83: 12
1 1 1
1 1 2
1 1 3
1 2 1
1 2 2
1 2 3
2 1 1
2 1 2
2 1 3
2 2 1
2 2 2
2 2 3
Case #84: 3
1 1 1
1 1 2
1 1 3
Case #85: 8
1 1 1
1 1 2
1 2 1
1 2 2
2 1 1
2 1 2
2 2 1
2 2 2
Case #86: 9
1 1 1
1 1 2
1 1 3
1 2 1
1 2 2
1 2 3
1 3 1
1 3 2
1 3 3
Case #87: 1
1 1 1
Case #88: 4
1 1 1
1 1 2
1 2 1
1 2 2
Case #89: 8
1 1 1
1 1 2
1 2 1
1 2 2
2 1 1
2 1 2
2 2 1
2 2 2
Case #90: 6
1 1 1
1 1 2
1 1 3
1 2 1
1 2 2
1 2 3
Case #91: 12
1 1 1
1 1 2
1 1 3
1 2 1
1 2 2
1 2 3
2 1 1
2 1 2
2 1 3
2 2 1
2 2 2
2 2 3
Case #92: 3
1 1 1
1 1 2
1 1 3
Case #93: 9
1 1 1
1 1 2
1 1 3
1 2 1
1 2 2
1 2 3
1 3 1
1 3 2
1 3 3
Case #94: 8
1 1 1
1 1 2
1 2 1
1 2 2
2 1 1
2 1 2
2 2 1
2 2 2
Case #95: 2
1 1 1
1 1 2
Case #96: 18
1 1 1
1 1 2
1 1 3
1 2 1
1 2 2
1 2 3
1 3 1
1 3 2
1 3 3
2 1 1
2 1 2
2 1 3
2 2 1
2 2 2
2 2 3
2 3 1
2 3 2
2 3 3
Case #97: 18
1 1 1
1 1 2
1 1 3
1 2 1
1 2 2
1 2 3
1 3 1
1 3 2
1 3 3
2 1 1
2 1 2
2 1 3
2 2 1
2 2 2
2 2 3
2 3 1
2 3 2
2 3 3
Case #98: 4
1 1 1
1 1 2
1 2 1
1 2 2
Case #99: 12
1 1 1
1 1 2
1 1 3
1 2 1
1 2 2
1 2 3
2 1 1
2 1 2
2 1 3
2 2 1
2 2 2
2 2 3
Case #100: 27
1 1 1
1 1 2
1 1 3
1 2 1
1 2 2
1 2 3
1 3 1
1 3 2
1 3 3
2 1 1
2 1 2
2 1 3
2 2 1
2 2 2
2 2 3
2 3 1
2 3 2
2 3 3
3 1 1
3 1 2
3 1 3
3 2 1
3 2 2
3 2 3
3 3 1
3 3 2
3 3 3
