Case #1: AB AB 
Case #2: A AC BB BC 
Case #3: CC CC AB 
Case #4: BB BB AA AC 
Case #5: BB BC BC BC 
Case #6: CC CC BB BC 
Case #7: BC BC AA AC 
Case #8: AA AC 
Case #9: B CC CC BB BC 
Case #10: A BB BB AA AB AC 
Case #11: A CC CC AA AC AC 
Case #12: BB BB AA AB AC 
Case #13: CC CC CC AB AC 
Case #14: C AC AC BB BC 
Case #15: B AB AC BB BC 
Case #16: CC CC AA AC 
Case #17: BB BC 
Case #18: A BC BC AA AC 
Case #19: A CC CC AA AC 
Case #20: B CC CC BB BC BC 
Case #21: A CC CC AB 
Case #22: B AC BB BC 
Case #23: AA AC AC 
Case #24: AA AB AC 
Case #25: B BC BC AA AC 
Case #26: AC BB BC 
Case #27: C BC BC AA AC 
Case #28: AB AC BB BC 
Case #29: C AC BB BC 
Case #30: AC AC BB BC 
Case #31: AA AC AC AC 
Case #32: A BB BB AA AC 
Case #33: A AB AC BB BC 
Case #34: AA AA AC BB BC 
Case #35: AA AB AB AC 
Case #36: A BC 
Case #37: CC CC BB BC BC 
Case #38: A BB BC 
Case #39: AB 
Case #40: AB AB AB 
Case #41: A AC AC BB BC 
Case #42: BB BB BC AA AC 
Case #43: B CC CC AB 
Case #44: AB AB AB AB 
Case #45: CC CC AA AC AC 
Case #46: BB BC BC 
