Case #1: OFVSHAUCLMYXEBFGWB
Case #2: SJZEKIVACPMHGQTGY
Case #3: THZQVTXDZJYBWLFNUPIG
Case #4: SJHLXARDUCZTQOWDEWN
Case #5: OEAHQZLGEVFCJLQJWGEI
Case #6: QPYLICNSIFAEXPTVHGF
Case #7: FOWCQGPZFYHRASEFBIFL
Case #8: JPBDZRJUOMHLTYGPQNTF
Case #9: FUYCQTSVZJBPTKPXD
Case #10: TWCASFXUBZQVZIUNSRBP
Case #11: RMIQWEZCBVIKONYWLFY
Case #12: XOQBVIAJRPDEAKPMBW
Case #13: KFPRDGNLOGYBZBRXAVXA
Case #14: VFFOZDLERKUMGNWFVPLH
Case #15: BRCUEZCLVCQPXTAXLIS
Case #16: QNMACVPZNDBWGWIOUQRN
Case #17: CYWRPANKSDGJGOWIL
Case #18: EKIWOBNHBNYCTZVYBWMD
Case #19: BFHCUOAGMKILKBLAXVSL
Case #20: TLVICFZAJQXFYNBRKZ
Case #21: DLNNJSXHBGWWHQTIRPHD
Case #22: NIIUICFXMFYRTQGHLOE
Case #23: HXNILUWVJLYWSEGPXDAD
Case #24: VERYLWIAZUMLCHOTKLBO
Case #25: WCDMPZGVLEKCBJZUJSK
Case #26: XFDZJEPGUNLYXHSQJIV
Case #27: IZRXXFLOGDPYSJNURPI
Case #28: HSYAQXSXDWPVGKJEF
Case #29: FVPDGZCFQTLGAPORWPJU
Case #30: LYULYHNPGUMJKBCQSR
Case #31: HBVKYDSEMDCETFNANZXA
Case #32: HZRCBQXUIRASQJVYYKE
Case #33: CFSMPRFDHEKCXWDQOTV
Case #34: LANOHPCOVTEQTXMWIU
Case #35: KPIUXNWCLJAKOQFQDEA
Case #36: IYUPIQTRSCQEKAMLJBZ
Case #37: ACQXGYMNWTLZQOSGGPRD
Case #38: DFVSHYQSIRLPNGFDOPUB
Case #39: IYPAMFDQLXGSFSRWPLZ
Case #40: DBVFAJUNXLCMVRHYI
Case #41: AALKEWPNQIAJWXSWXNZD
Case #42: AOJSKXAMLIRNWSEXNJGU
Case #43: OXFIUHWZOTQOLJBGYEZ
Case #44: BNDAPOHXZBZEIKHVSCMT
Case #45: PJHFGDLXQRZONGELTV
Case #46: DCVRPDZKBZIOJTUG
Case #47: IJYGQGTRHNHKLTVMAC
Case #48: DPYIQMBMXRWRHZUVE
Case #49: IPKPZOHKCYLDAUFQURUJ
Case #50: SLUHVXUBGQODZMJMCWN
Case #51: AJPRLDSRZNWLEHCMUG
Case #52: NRKDFOOGHLXRIGZEYIQI
Case #53: AZWPOVZFCMDRQYBXXVBH
Case #54: DTSODPWBQWQXJWGCMUT
Case #55: SPEDYKLWEJZNOFBHIVZR
Case #56: JYCUAZTDNCVBWPKLMLL
Case #57: EFSXDILQYVJTNQUAZT
Case #58: UMEWOAUULQNCRJBNHSDE
Case #59: MEAXJDGTQPHSWAGLFOEV
Case #60: HDDOGRCACVEAFQRYJMXL
Case #61: IJQXIWRVTSKUOFFMMGCW
Case #62: QKAYQFTERJDSCPRWUP
Case #63: NETASQSFRYHEHLAKMNUW
Case #64: YCQFIMPGUVGBLPPTODZK
Case #65: OLLTMPJVEQXBXCGDIN
Case #66: KQQMEBDASLCLGPITRHMJ
Case #67: YCAXHRPQIOXSAWEPTBJ
Case #68: EYPPTYAWWKFILZUGONG
Case #69: AZPNBEVSFMPZKRTDUOKN
Case #70: PNLUTZNQEFWSAZZCDOGR
Case #71: CZTIKALQYSOOZYWDVJ
Case #72: PYNZMCZHQBRGEVQFLXY
Case #73: NIJXBGOTCQXMREWUFWTE
Case #74: TBCIYKILFVGUPNDWWRMY
Case #75: JOHNSON
Case #76: HPZOPCGSTASKVPIXSNEN
Case #77: HSUXCRXEIVDOQHOBVMYH
Case #78: INQDNZPDFEUYMVGAYJD
Case #79: IDEWXBOCVRDLTEAKFCL
Case #80: AISYNXGVCYJLJIWSQOHY
Case #81: GTXWSZIFMYSWHKRJVU
Case #82: YJYRIKIXBEDNBOUZQHL
Case #83: MBAPDCSCLQRXMUJF
Case #84: GZHSLXGJWALHKPRIKYE
Case #85: IGLAKSDMCNTVURWXHJ
Case #86: HGAUFXQVMIPGQPWDJKRS
Case #87: DIWIRASSYGUZFCTKBH
Case #88: GIQWXYANZFWOVPTHVQJ
Case #89: EZJPSJMVUGVFTBICYER
Case #90: OIYEXKLUGVWBKRSHZMF
Case #91: PLVUHFYXSMGANBUYZOK
Case #92: ZOOEXRVYHDJBPUXMULQC
Case #93: ARYEIVBTMZLKJKAZOGD
Case #94: JNUIKYPMLZBCITHIRMG
Case #95: IABDVDISOMTYXFQVNPA
Case #96: LTHJBVHEDINQRLYZC
Case #97: TKSLADZVRDKRENZYHPJM
Case #98: ZVASTBWERPCMHOWKGTM
Case #99: MZHQWGLOXJSYECAVJLX
Case #100: AHQDVPJEUUQVTIRKNFC
