Case #1: 2
Case #2: 1
Case #3: 1 2
Case #4: 2 9
Case #5: 2 476 950 1424 1898 2372 2846 3320 3794 4268 4742 5216 5690 6164 6638 7112 7586 8060 8534 9008 9482 9956 10430 10904 11378 11852 12326 12800 13274 13748 14222 14696 15170 15644 16118 16592 17066 17540 18014 18488 18962 19436
Case #6: 2 207 412 617 822 1027 1232 1437 1642 1847 2052 2257 2462 2667 2872 3077 3282 3487 3692 3897 4102 4307 4512 4717 4922 5127 5332 5537 5742 5947 6152 6357 6562 6767 6972 7177 7382 7587 7792 7997 8202 8407 8612 8817 9022 9227 9432 9637 9842 10047 10252 10457 10662 10867 11072 11277 11482 11687 11892 12097 12302 12507 12712 12917 13122 13327 13532
Case #7: 1
Case #8: 1
Case #9: 2 643 1284 1925 2566 3207 3848 4489 5130 5771 6412 7053 7694 8335 8976 9617 10258 10899 11540 12181 12822 13463 14104 14745 15386 16027 16668 17309 17950 18591 19232 19873 20514 21155 21796 22437 23078 23719 24360 25001 25642 26283 26924 27565 28206 28847 29488 30129 30770 31411 32052 32693 33334 33975 34616 35257 35898 36539 37180 37821 38462 39103 39744 40385 41026 41667 42308 42949 43590 44231 44872 45513 46154 46795 47436 48077 48718 49359 50000
Case #10: 2 273 544 815 1086 1357 1628 1899 2170 2441 2712 2983 3254 3525 3796 4067 4338 4609 4880 5151 5422 5693 5964 6235 6506 6777 7048 7319 7590 7861 8132 8403 8674 8945 9216 9487 9758 10029 10300 10571 10842 11113 11384 11655 11926 12197 12468 12739 13010 13281 13552 13823 14094 14365 14636 14907 15178 15449 15720 15991 16262 16533 16804 17075 17346 17617 17888 18159 18430 18701 18972 19243 19514 19785 20056 20327 20598 20869 21140 21411 21682 21953 22224 22495 22766 23037 23308 23579 23850
Case #11: 2 377 752 1127 1502 1877 2252 2627 3002 3377 3752 4127 4502 4877 5252 5627 6002 6377 6752 7127 7502 7877 8252 8627 9002 9377 9752 10127 10502 10877 11252 11627 12002
Case #12: 2 303 604 905 1206 1507 1808 2109 2410 2711 3012 3313 3614 3915 4216 4517 4818 5119 5420 5721 6022 6323 6624 6925 7226 7527 7828 8129 8430 8731 9032 9333 9634 9935 10236 10537 10838 11139 11440 11741 12042 12343 12644 12945 13246 13547 13848 14149 14450 14751 15052 15353 15654 15955 16256 16557 16858 17159 17460 17761 18062 18363 18664 18965 19266 19567 19868 20169 20470 20771 21072 21373 21674 21975 22276 22577 22878 23179 23480 23781 24082 24383 24684 24985 25286 25587 25888 26189 26490 26791 27092 27393 27694 27995 28296 28597 28898 29199 29500
Case #13: 2 111 220 329 438 547 656 765
Case #14: 2 903 1804 2705 3606 4507 5408 6309 7210 8111 9012 9913 10814 11715 12616 13517 14418 15319 16220 17121 18022 18923 19824 20725 21626 22527 23428 24329 25230 26131 27032 27933 28834 29735 30636 31537 32438 33339 34240 35141 36042 36943 37844 38745 39646 40547 41448 42349 43250 44151 45052 45953 46854 47755 48656 49557 50458 51359 52260 53161 54062 54963 55864 56765 57666 58567 59468 60369 61270 62171 63072 63973 64874 65775 66676 67577 68478 69379 70280 71181 72082 72983 73884 74785 75686 76587 77488 78389 79290 80191 81092 81993 82894 83795 84696 85597 86498 87399 88300
Case #15: 1 2 3 4 5 6 7 8 9 10 11 12 13 14 15 16 17 18 19 20 21 22 23 24 25 26 27 28 29 30 31 32 33 34 35 36 37 38 39 40 41 42 43 44 45 46 47 48 49 50 51 52 53 54 55 56 57 58 59 60 61 62 63 64 65 66 67 68 69 70 71 72 73 74 75 76 77 78 79 80 81 82 83 84 85 86 87 88 89 90 91 92 93 94 95 96 97 98 99 100
Case #16: 2 120 238 356 474 592 710 828 946 1064 1182 1300 1418 1536 1654 1772 1890 2008 2126 2244 2362 2480 2598 2716 2834 2952 3070 3188 3306 3424 3542 3660 3778 3896 4014 4132 4250 4368
Case #17: 2 219 436 653 870 1087 1304 1521 1738 1955 2172 2389 2606 2823 3040 3257 3474 3691 3908 4125 4342 4559 4776 4993 5210 5427
Case #18: 1
Case #19: 1
Case #20: 2 181 360 539 718 897 1076 1255 1434 1613 1792 1971 2150 2329 2508 2687 2866 3045 3224 3403 3582 3761 3940 4119 4298 4477 4656 4835 5014 5193 5372 5551 5730 5909 6088 6267 6446 6625 6804 6983 7162 7341 7520 7699 7878 8057 8236 8415 8594 8773 8952 9131 9310 9489 9668 9847 10026 10205 10384 10563 10742 10921 11100 11279 11458 11637 11816 11995 12174 12353 12532 12711 12890 13069 13248 13427 13606 13785 13964 14143 14322 14501 14680 14859 15038 15217 15396 15575
Case #21: 2 157 312 467 622 777 932 1087 1242 1397 1552 1707 1862
Case #22: 2 403 804 1205 1606 2007 2408 2809 3210 3611 4012 4413 4814 5215 5616 6017 6418 6819 7220 7621 8022 8423 8824 9225 9626 10027 10428 10829 11230 11631 12032 12433 12834 13235 13636 14037 14438 14839 15240 15641 16042 16443 16844 17245 17646 18047 18448 18849 19250 19651 20052 20453 20854 21255 21656 22057 22458 22859 23260 23661 24062 24463 24864 25265 25666 26067 26468 26869 27270 27671 28072 28473 28874 29275 29676 30077 30478 30879 31280 31681 32082 32483 32884 33285 33686 34087 34488 34889 35290 35691 36092 36493 36894 37295 37696 38097 38498 38899 39300
Case #23: 2
Case #24: 2 453 904 1355 1806 2257 2708 3159 3610 4061 4512 4963 5414 5865 6316 6767 7218 7669 8120 8571 9022 9473 9924 10375 10826 11277 11728 12179 12630 13081 13532 13983 14434 14885 15336 15787 16238 16689 17140 17591 18042 18493 18944 19395 19846 20297 20748 21199 21650 22101 22552 23003 23454 23905 24356 24807 25258 25709 26160 26611 27062 27513 27964 28415 28866 29317 29768 30219 30670 31121 31572 32023 32474 32925 33376 33827 34278 34729 35180 35631 36082 36533 36984 37435 37886 38337 38788 39239 39690
Case #25: 1 2 3 4 5 6 7 8 9 10 11 12 13 14 15 16 17 18 19 20 21 22 23 24 25 26 27 28 29 30 31 32 33 34 35 36 37 38 39 40 41 42 43 44 45 46 47 48 49 50 51 52 53 54 55 56 57 58 59 60 61 62 63 64 65 66 67 68 69 70 71 72 73 74 75 76 77 78 79
Case #26: 2 279 556 833 1110 1387 1664 1941 2218 2495 2772 3049 3326 3603 3880 4157 4434 4711 4988 5265 5542 5819 6096 6373 6650 6927 7204 7481 7758 8035 8312 8589 8866 9143 9420 9697 9974 10251 10528 10805 11082 11359 11636 11913 12190 12467 12744 13021 13298 13575 13852 14129 14406 14683 14960 15237 15514 15791 16068 16345 16622 16899 17176 17453 17730 18007 18284 18561 18838 19115 19392 19669 19946 20223 20500 20777 21054 21331 21608 21885 22162 22439 22716 22993 23270 23547 23824 24101 24378 24655 24932
Case #27: 2 47 92 137 182 227 272 317 362 407 452 497 542 587 632 677 722 767 812 857 902
Case #28: 1
Case #29: 2 210 418 626 834 1042 1250 1458 1666 1874 2082 2290 2498 2706 2914 3122 3330 3538 3746 3954 4162 4370 4578 4786 4994 5202 5410 5618 5826 6034 6242 6450 6658 6866 7074 7282 7490 7698 7906 8114 8322 8530 8738 8946 9154 9362 9570 9778 9986 10194 10402 10610 10818 11026 11234 11442 11650 11858 12066 12274 12482 12690 12898 13106 13314 13522 13730 13938
Case #30: 2 325 648 971 1294 1617 1940 2263 2586 2909 3232 3555 3878 4201 4524 4847 5170 5493 5816 6139 6462 6785 7108 7431 7754 8077 8400 8723 9046 9369 9692 10015 10338 10661 10984 11307 11630 11953 12276 12599 12922 13245 13568 13891 14214
Case #31: 2 651 1300 1949 2598 3247 3896 4545 5194 5843 6492 7141 7790 8439 9088 9737 10386 11035 11684 12333 12982 13631 14280 14929 15578 16227 16876 17525 18174 18823 19472 20121 20770 21419 22068 22717 23366 24015 24664 25313 25962 26611 27260 27909 28558 29207 29856 30505 31154 31803 32452 33101 33750 34399 35048 35697 36346 36995 37644 38293 38942 39591 40240 40889 41538 42187 42836 43485 44134 44783 45432
Case #32: 2 63 124 185 246 307 368 429 490
Case #33: 2 500 998 1496 1994 2492 2990 3488 3986 4484 4982 5480 5978 6476 6974 7472 7970 8468 8966 9464 9962 10460 10958 11456 11954 12452 12950 13448 13946 14444 14942 15440 15938 16436 16934 17432 17930 18428 18926 19424 19922 20420 20918 21416 21914 22412 22910 23408 23906 24404 24902 25400 25898 26396 26894 27392 27890 28388 28886 29384 29882 30380 30878 31376 31874 32372 32870 33368 33866 34364
Case #34: 2 627 1252 1877 2502 3127 3752 4377 5002 5627 6252 6877 7502 8127 8752 9377 10002 10627 11252 11877 12502 13127 13752 14377 15002 15627 16252 16877 17502 18127 18752 19377 20002 20627 21252 21877 22502 23127 23752 24377 25002 25627 26252 26877 27502 28127 28752 29377 30002 30627 31252 31877 32502 33127 33752 34377 35002 35627 36252 36877 37502 38127 38752 39377 40002 40627 41252 41877 42502 43127 43752 44377 45002 45627 46252 46877 47502
Case #35: 2 179 356 533 710 887 1064 1241 1418 1595 1772 1949 2126 2303 2480
Case #36: 2 109 216 323 430 537 644 751 858 965 1072 1179 1286 1393 1500 1607 1714 1821 1928 2035 2142 2249 2356 2463 2570 2677 2784 2891 2998 3105 3212 3319 3426 3533 3640 3747 3854 3961 4068 4175 4282 4389 4496 4603 4710 4817 4924 5031 5138 5245 5352 5459
Case #37: 2 12
Case #38: 2 149 296 443 590 737 884 1031 1178 1325 1472 1619 1766 1913 2060 2207 2354 2501 2648 2795 2942 3089 3236 3383 3530 3677 3824 3971 4118 4265 4412 4559 4706 4853 5000 5147 5294 5441 5588 5735 5882 6029 6176 6323 6470 6617 6764 6911 7058 7205 7352 7499 7646 7793 7940 8087 8234 8381 8528 8675 8822 8969 9116 9263 9410 9557 9704 9851 9998 10145 10292 10439
Case #39: 2 249 496 743 990 1237 1484 1731 1978 2225 2472 2719 2966 3213 3460 3707 3954 4201 4448 4695 4942 5189 5436 5683 5930 6177 6424 6671 6918 7165 7412 7659 7906 8153 8400 8647 8894 9141 9388 9635 9882 10129 10376 10623 10870 11117 11364 11611 11858 12105 12352 12599 12846 13093 13340 13587 13834 14081 14328 14575 14822 15069 15316 15563 15810 16057 16304 16551 16798 17045 17292 17539 17786 18033 18280 18527 18774 19021 19268 19515 19762
Case #40: 2 203 404 605 806 1007 1208 1409 1610 1811 2012 2213 2414 2615 2816 3017 3218 3419 3620 3821 4022 4223 4424 4625 4826 5027 5228 5429 5630 5831 6032 6233 6434 6635 6836 7037 7238 7439 7640 7841 8042 8243 8444 8645 8846 9047 9248 9449 9650 9851 10052 10253 10454 10655 10856 11057 11258 11459 11660 11861 12062 12263 12464 12665 12866 13067 13268 13469 13670 13871 14072 14273 14474 14675 14876 15077 15278 15479 15680 15881 16082 16283 16484 16685 16886 17087 17288 17489 17690 17891 18092 18293 18494 18695 18896 19097 19298 19499 19700
Case #41: 2 15
Case #42: 2 66 130 194 258 322 386 450 514 578 642 706 770 834 898 962 1026 1090 1154 1218
Case #43: 1 2 3 4 5 6
Case #44: 2 471 940 1409 1878 2347 2816 3285 3754 4223 4692 5161 5630 6099 6568 7037 7506 7975 8444 8913 9382 9851 10320 10789 11258 11727 12196 12665 13134 13603 14072 14541 15010 15479 15948 16417 16886 17355 17824 18293 18762 19231 19700 20169 20638 21107 21576 22045 22514 22983 23452
Case #45: 2 533 1064 1595 2126 2657 3188 3719 4250 4781 5312 5843 6374 6905 7436 7967 8498 9029 9560 10091 10622 11153 11684 12215 12746 13277 13808 14339 14870 15401 15932 16463 16994 17525 18056 18587 19118 19649 20180 20711 21242 21773 22304 22835 23366 23897 24428 24959 25490 26021 26552 27083
Case #46: 2 102 202 302 402 502 602 702 802 902
Case #47: 2 804 1606 2408 3210 4012 4814 5616 6418 7220 8022 8824 9626 10428 11230 12032 12834 13636 14438 15240 16042 16844 17646 18448 19250 20052 20854 21656 22458 23260 24062 24864 25666 26468 27270 28072 28874 29676 30478 31280 32082 32884 33686 34488 35290 36092 36894 37696 38498 39300 40102 40904 41706 42508 43310 44112 44914 45716 46518 47320 48122 48924 49726 50528 51330 52132 52934 53736 54538 55340 56142 56944 57746 58548 59350 60152 60954 61756 62558 63360 64162 64964 65766 66568 67370 68172 68974 69776
Case #48: 2 183 364 545 726 907 1088 1269 1450
Case #49: 2 101 200 299 398 497 596 695 794 893 992 1091 1190
Case #50: 2 123 244 365 486
Case #51: 2 763 1524 2285 3046 3807 4568 5329 6090 6851 7612 8373 9134 9895 10656 11417 12178 12939 13700 14461 15222 15983 16744 17505 18266 19027 19788 20549 21310 22071 22832 23593 24354 25115 25876 26637 27398 28159 28920 29681 30442 31203 31964 32725 33486 34247 35008 35769 36530 37291 38052 38813 39574 40335 41096 41857 42618 43379 44140 44901 45662 46423 47184 47945 48706 49467 50228 50989 51750 52511 53272 54033 54794 55555 56316 57077 57838 58599 59360 60121 60882 61643 62404 63165 63926 64687 65448 66209 66970 67731 68492 69253 70014 70775
Case #52: 1 2 3 4 5 6 7 8 9 10 11 12 13 14 15 16 17 18 19 20 21 22 23 24 25 26 27 28 29 30 31 32 33 34 35 36 37 38 39 40 41 42 43 44 45 46 47 48 49 50 51 52 53 54 55 56 57 58 59 60 61 62 63 64 65 66 67 68 69 70 71 72
Case #53: 1 2 3 4 5 6 7 8 9 10
Case #54: 2
Case #55: 1
Case #56: 1
Case #57: 2 117 232 347 462 577 692 807 922 1037 1152 1267 1382 1497 1612 1727 1842 1957
Case #58: 2 114
Case #59: 2
Case #60: 2 795 1588 2381 3174 3967 4760 5553 6346 7139 7932 8725 9518 10311 11104 11897 12690 13483 14276 15069 15862 16655 17448 18241 19034 19827 20620 21413 22206 22999 23792 24585 25378 26171 26964 27757 28550 29343 30136 30929 31722 32515 33308 34101 34894 35687 36480 37273 38066 38859 39652 40445 41238 42031 42824 43617 44410 45203 45996 46789 47582 48375 49168 49961 50754 51547 52340 53133 53926 54719 55512 56305 57098 57891 58684 59477 60270 61063 61856 62649 63442 64235 65028 65821 66614 67407 68200
Case #61: 2 438 874 1310 1746 2182 2618 3054 3490 3926 4362 4798 5234 5670 6106 6542 6978 7414 7850 8286 8722 9158 9594 10030 10466 10902 11338 11774 12210 12646 13082 13518 13954 14390 14826 15262 15698 16134 16570 17006 17442 17878 18314 18750 19186 19622 20058 20494 20930 21366 21802 22238 22674 23110 23546 23982 24418 24854 25290 25726 26162 26598 27034 27470 27906 28342 28778 29214 29650 30086 30522 30958 31394 31830 32266 32702 33138 33574 34010 34446 34882 35318 35754 36190 36626 37062
Case #62: 2 53 104 155 206 257 308 359 410
Case #63: 1
Case #64: 2 195 388 581 774 967 1160 1353 1546 1739 1932
Case #65: 2 19 36
Case #66: 1
Case #67: 2 119 236
Case #68: 2 498 994 1490 1986 2482 2978 3474 3970 4466 4962 5458 5954 6450 6946 7442 7938 8434 8930 9426 9922 10418 10914 11410 11906 12402 12898 13394 13890 14386 14882 15378 15874 16370 16866 17362 17858 18354 18850 19346 19842 20338 20834 21330 21826 22322 22818 23314 23810 24306 24802 25298 25794 26290 26786 27282 27778 28274 28770 29266 29762 30258 30754 31250 31746 32242 32738 33234 33730 34226 34722 35218 35714 36210 36706 37202 37698 38194 38690 39186 39682 40178 40674 41170 41666 42162 42658 43154 43650 44146 44642 45138 45634 46130 46626 47122 47618 48114
Case #69: 1
Case #70: 2 11 20
Case #71: 2 63 124 185 246 307 368 429 490 551 612 673 734 795 856 917 978 1039 1100 1161 1222 1283 1344 1405 1466 1527 1588 1649 1710
Case #72: 2 241 480 719 958 1197 1436 1675 1914 2153 2392 2631 2870 3109 3348 3587
Case #73: 1
Case #74: 2 47 92 137 182 227 272 317 362 407
Case #75: 2 15 28
Case #76: 1 2 3 4 5 6 7 8 9 10 11 12 13 14 15 16 17 18 19 20 21 22 23 24 25 26 27 28 29 30 31 32 33 34 35 36 37 38 39 40 41 42 43 44 45 46 47 48 49 50 51 52 53 54 55 56 57 58 59 60 61 62 63 64 65 66 67 68 69 70 71 72 73 74 75 76 77 78 79 80 81 82 83 84 85 86 87 88 89 90 91 92 93 94 95 96 97
Case #77: 2
Case #78: 1 2 3 4 5 6 7 8 9 10 11 12 13 14 15 16 17 18 19 20 21 22 23 24 25 26 27 28 29 30 31 32 33 34 35 36 37 38 39 40 41 42 43 44 45 46 47
Case #79: 1
Case #80: 1
Case #81: 2 379 756 1133 1510 1887 2264 2641 3018 3395 3772 4149 4526 4903 5280 5657 6034 6411 6788 7165 7542 7919 8296 8673 9050 9427 9804 10181 10558 10935 11312 11689 12066 12443 12820 13197 13574 13951 14328 14705 15082 15459 15836 16213 16590 16967 17344 17721 18098 18475 18852 19229 19606 19983 20360 20737 21114 21491 21868 22245 22622 22999 23376 23753 24130 24507 24884 25261 25638 26015 26392 26769 27146 27523 27900 28277 28654 29031 29408 29785 30162 30539 30916 31293 31670 32047 32424 32801 33178 33555 33932 34309 34686
Case #82: 2 668 1334 2000 2666 3332 3998 4664 5330 5996 6662 7328 7994 8660 9326 9992 10658 11324 11990 12656 13322 13988 14654 15320 15986 16652 17318 17984 18650 19316 19982 20648 21314 21980 22646 23312 23978 24644 25310 25976 26642 27308 27974 28640 29306 29972 30638 31304 31970 32636 33302 33968 34634 35300 35966 36632 37298 37964 38630 39296 39962 40628 41294 41960 42626 43292 43958 44624 45290 45956 46622 47288 47954 48620 49286 49952 50618 51284 51950 52616 53282 53948 54614 55280 55946 56612 57278 57944 58610 59276 59942 60608 61274 61940
Case #83: 2 432 862 1292 1722 2152 2582 3012 3442 3872 4302 4732 5162 5592 6022 6452 6882 7312 7742 8172 8602 9032 9462 9892 10322 10752 11182 11612 12042 12472 12902 13332 13762 14192 14622 15052 15482 15912
Case #84: 1 2 3
Case #85: 2 331 660 989 1318 1647 1976 2305 2634 2963 3292 3621 3950 4279 4608 4937 5266 5595 5924 6253 6582 6911 7240 7569 7898 8227 8556 8885 9214 9543 9872 10201 10530 10859 11188 11517 11846 12175 12504 12833
Case #86: 1
Case #87: 2 371 740 1109 1478 1847 2216 2585 2954 3323 3692 4061 4430 4799 5168 5537 5906 6275 6644 7013 7382 7751 8120 8489 8858 9227 9596 9965 10334 10703 11072 11441 11810 12179 12548 12917 13286 13655 14024 14393 14762 15131 15500 15869 16238 16607 16976 17345 17714 18083 18452 18821 19190 19559 19928 20297 20666 21035 21404 21773 22142 22511 22880 23249 23618 23987 24356 24725 25094 25463 25832 26201 26570 26939 27308 27677 28046 28415 28784 29153 29522 29891 30260 30629 30998 31367 31736 32105 32474 32843 33212
Case #88: 1
Case #89: 2 67 132 197 262 327 392 457 522 587 652 717 782 847 912
Case #90: 2 285 568 851 1134 1417 1700 1983 2266 2549 2832 3115 3398 3681 3964 4247 4530 4813 5096 5379 5662 5945 6228 6511 6794 7077 7360 7643 7926 8209 8492 8775 9058 9341 9624 9907 10190 10473 10756 11039 11322 11605 11888 12171 12454 12737 13020 13303 13586 13869 14152 14435 14718 15001 15284 15567 15850 16133 16416 16699 16982 17265 17548 17831 18114 18397 18680 18963 19246 19529 19812 20095 20378 20661 20944 21227 21510 21793 22076 22359 22642 22925 23208 23491 23774 24057 24340 24623 24906 25189 25472 25755 26038
Case #91: 2 339 676 1013 1350 1687 2024 2361 2698 3035 3372 3709 4046 4383 4720 5057 5394 5731 6068 6405 6742 7079 7416 7753 8090 8427 8764
Case #92: 1 2 3 4
Case #93: 2 143 284 425 566 707
Case #94: 2 23 44 65
Case #95: 2 603 1204 1805 2406 3007 3608 4209 4810 5411 6012 6613 7214 7815 8416 9017 9618 10219 10820 11421 12022 12623 13224 13825 14426 15027 15628 16229 16830 17431 18032 18633 19234 19835 20436 21037 21638 22239 22840 23441 24042 24643 25244 25845 26446 27047 27648 28249 28850 29451 30052 30653 31254 31855 32456 33057 33658 34259 34860 35461 36062 36663 37264 37865 38466 39067 39668 40269 40870 41471 42072 42673 43274 43875
Case #96: 2 133 264 395 526 657 788 919 1050 1181 1312 1443 1574 1705 1836 1967 2098 2229 2360 2491 2622 2753 2884 3015 3146
Case #97: 2 31 60 89 118 147 176 205 234 263 292 321 350
Case #98: 2 489 976 1463 1950 2437 2924 3411 3898 4385 4872 5359 5846 6333 6820 7307 7794 8281 8768 9255 9742 10229 10716 11203 11690 12177 12664 13151 13638 14125 14612 15099 15586 16073 16560 17047 17534 18021 18508 18995 19482 19969 20456 20943 21430 21917 22404 22891 23378 23865 24352 24839 25326 25813 26300 26787 27274 27761 28248 28735 29222 29709 30196 30683 31170 31657 32144 32631 33118 33605 34092 34579 35066 35553 36040 36527 37014 37501 37988 38475
Case #99: 2 367 732 1097 1462 1827 2192 2557 2922 3287 3652 4017 4382 4747 5112 5477 5842 6207 6572 6937 7302 7667 8032 8397 8762 9127 9492 9857 10222 10587 10952 11317 11682 12047 12412 12777 13142 13507 13872 14237 14602 14967 15332 15697 16062 16427 16792 17157 17522 17887 18252
Case #100: 2 543 1084 1625 2166 2707 3248 3789 4330 4871 5412 5953 6494 7035 7576 8117 8658 9199 9740 10281 10822 11363 11904 12445 12986 13527 14068 14609 15150 15691 16232 16773 17314 17855 18396 18937 19478 20019 20560 21101 21642 22183 22724 23265 23806 24347 24888 25429 25970 26511 27052 27593 28134
